Started GET "/" for 10.240.0.241 at 2017-05-06 22:37:41 +0000
Cannot render console from 10.240.0.241! Allowed networks: 127.0.0.1, ::1, 127.0.0.0/127.255.255.255
Processing by Rails::WelcomeController#index as HTML
  Rendering /usr/local/rvm/gems/ruby-2.4.1@global/gems/railties-5.1.0/lib/rails/templates/rails/welcome/index.html.erb
  Rendered /usr/local/rvm/gems/ruby-2.4.1@global/gems/railties-5.1.0/lib/rails/templates/rails/welcome/index.html.erb (2.5ms)
Completed 200 OK in 162ms (Views: 6.5ms)


Started GET "/" for 10.240.1.17 at 2017-05-06 22:38:42 +0000
Cannot render console from 10.240.1.17! Allowed networks: 127.0.0.1, ::1, 127.0.0.0/127.255.255.255
Processing by Rails::WelcomeController#index as HTML
  Rendering /usr/local/rvm/gems/ruby-2.4.1@global/gems/railties-5.1.0/lib/rails/templates/rails/welcome/index.html.erb
  Rendered /usr/local/rvm/gems/ruby-2.4.1@global/gems/railties-5.1.0/lib/rails/templates/rails/welcome/index.html.erb (1.8ms)
Completed 200 OK in 4ms (Views: 3.1ms)


Started GET "/" for 208.105.47.124 at 2017-05-06 22:47:40 +0000
Cannot render console from 208.105.47.124! Allowed networks: 127.0.0.1, ::1, 127.0.0.0/127.255.255.255
Processing by Rails::WelcomeController#index as HTML
  Rendering /usr/local/rvm/gems/ruby-2.4.1@global/gems/railties-5.1.0/lib/rails/templates/rails/welcome/index.html.erb
  Rendered /usr/local/rvm/gems/ruby-2.4.1@global/gems/railties-5.1.0/lib/rails/templates/rails/welcome/index.html.erb (2.7ms)
Completed 200 OK in 219ms (Views: 6.7ms)


Started GET "/" for 208.105.47.124 at 2017-05-06 22:47:46 +0000
Cannot render console from 208.105.47.124! Allowed networks: 127.0.0.1, ::1, 127.0.0.0/127.255.255.255
Processing by Rails::WelcomeController#index as HTML
  Rendering /usr/local/rvm/gems/ruby-2.4.1@global/gems/railties-5.1.0/lib/rails/templates/rails/welcome/index.html.erb
  Rendered /usr/local/rvm/gems/ruby-2.4.1@global/gems/railties-5.1.0/lib/rails/templates/rails/welcome/index.html.erb (1.9ms)
Completed 200 OK in 4ms (Views: 3.1ms)


Started GET "/" for 208.105.47.124 at 2017-05-06 22:48:38 +0000
Cannot render console from 208.105.47.124! Allowed networks: 127.0.0.1, ::1, 127.0.0.0/127.255.255.255
Processing by Rails::WelcomeController#index as HTML
  Rendering /usr/local/rvm/gems/ruby-2.4.1@global/gems/railties-5.1.0/lib/rails/templates/rails/welcome/index.html.erb
  Rendered /usr/local/rvm/gems/ruby-2.4.1@global/gems/railties-5.1.0/lib/rails/templates/rails/welcome/index.html.erb (1.8ms)
Completed 200 OK in 4ms (Views: 3.0ms)


Started GET "/" for 208.105.47.124 at 2017-05-06 22:49:24 +0000
Cannot render console from 208.105.47.124! Allowed networks: 127.0.0.1, ::1, 127.0.0.0/127.255.255.255
Processing by Rails::WelcomeController#index as HTML
  Rendering /usr/local/rvm/gems/ruby-2.4.1@global/gems/railties-5.1.0/lib/rails/templates/rails/welcome/index.html.erb
  Rendered /usr/local/rvm/gems/ruby-2.4.1@global/gems/railties-5.1.0/lib/rails/templates/rails/welcome/index.html.erb (2.6ms)
Completed 200 OK in 6ms (Views: 4.3ms)


Started GET "/" for 208.105.47.124 at 2017-05-06 22:49:37 +0000
Cannot render console from 208.105.47.124! Allowed networks: 127.0.0.1, ::1, 127.0.0.0/127.255.255.255
Processing by Rails::WelcomeController#index as HTML
  Rendering /usr/local/rvm/gems/ruby-2.4.1@global/gems/railties-5.1.0/lib/rails/templates/rails/welcome/index.html.erb
  Rendered /usr/local/rvm/gems/ruby-2.4.1@global/gems/railties-5.1.0/lib/rails/templates/rails/welcome/index.html.erb (1.7ms)
Completed 200 OK in 4ms (Views: 2.9ms)


Started GET "/" for 127.0.0.1 at 2017-05-06 23:08:57 -0400
Processing by Rails::WelcomeController#index as HTML
  Rendering /home/andrew/.rbenv/versions/2.4.1/lib/ruby/gems/2.4.0/gems/railties-5.1.0/lib/rails/templates/rails/welcome/index.html.erb
  Rendered /home/andrew/.rbenv/versions/2.4.1/lib/ruby/gems/2.4.0/gems/railties-5.1.0/lib/rails/templates/rails/welcome/index.html.erb (21.1ms)
Completed 200 OK in 2286ms (Views: 115.1ms)


  [1m[35m (0.1ms)[0m  [1m[34mSELECT sqlite_version(*)[0m
  [1m[35m (151.1ms)[0m  [1m[35mCREATE TABLE "schema_migrations" ("version" varchar NOT NULL PRIMARY KEY)[0m
  [1m[35m (119.2ms)[0m  [1m[35mCREATE TABLE "ar_internal_metadata" ("key" varchar NOT NULL PRIMARY KEY, "value" varchar, "created_at" datetime NOT NULL, "updated_at" datetime NOT NULL)[0m
  [1m[35m (0.3ms)[0m  [1m[34mSELECT "schema_migrations"."version" FROM "schema_migrations" ORDER BY "schema_migrations"."version" ASC[0m
Migrating to DeviseCreateUsers (20170507035006)
  [1m[35m (0.1ms)[0m  [1m[36mbegin transaction[0m
  [1m[35m (3.1ms)[0m  [1m[35mCREATE TABLE "users" ("id" INTEGER PRIMARY KEY AUTOINCREMENT NOT NULL, "email" varchar DEFAULT '' NOT NULL, "encrypted_password" varchar DEFAULT '' NOT NULL, "reset_password_token" varchar, "reset_password_sent_at" datetime, "remember_created_at" datetime, "sign_in_count" integer DEFAULT 0 NOT NULL, "current_sign_in_at" datetime, "last_sign_in_at" datetime, "current_sign_in_ip" varchar, "last_sign_in_ip" varchar, "username" varchar, "created_at" datetime NOT NULL, "updated_at" datetime NOT NULL)[0m
  [1m[35m (2.6ms)[0m  [1m[35mCREATE UNIQUE INDEX "index_users_on_email" ON "users" ("email")[0m
  [1m[35m (0.1ms)[0m  [1m[34m            SELECT sql
            FROM sqlite_master
            WHERE name='index_users_on_email' AND type='index'
            UNION ALL
            SELECT sql
            FROM sqlite_temp_master
            WHERE name='index_users_on_email' AND type='index'
[0m
  [1m[35m (0.4ms)[0m  [1m[35mCREATE UNIQUE INDEX "index_users_on_reset_password_token" ON "users" ("reset_password_token")[0m
  [1m[35mSQL (0.4ms)[0m  [1m[32mINSERT INTO "schema_migrations" ("version") VALUES (?)[0m  [["version", "20170507035006"]]
  [1m[35m (144.8ms)[0m  [1m[36mcommit transaction[0m
Migrating to CreateChatrooms (20170507035142)
  [1m[35m (0.1ms)[0m  [1m[36mbegin transaction[0m
  [1m[35m (1.8ms)[0m  [1m[35mCREATE TABLE "chatrooms" ("id" INTEGER PRIMARY KEY AUTOINCREMENT NOT NULL, "name" varchar, "created_at" datetime NOT NULL, "updated_at" datetime NOT NULL)[0m
  [1m[35mSQL (0.4ms)[0m  [1m[32mINSERT INTO "schema_migrations" ("version") VALUES (?)[0m  [["version", "20170507035142"]]
  [1m[35m (105.2ms)[0m  [1m[36mcommit transaction[0m
Migrating to CreateChatroomUsers (20170507035218)
  [1m[35m (0.1ms)[0m  [1m[36mbegin transaction[0m
  [1m[35m (1.6ms)[0m  [1m[35mCREATE TABLE "chatroom_users" ("id" INTEGER PRIMARY KEY AUTOINCREMENT NOT NULL, "chatroom_id" integer, "user_id" integer, "created_at" datetime NOT NULL, "updated_at" datetime NOT NULL, CONSTRAINT "fk_rails_85e623f6f6"
FOREIGN KEY ("chatroom_id")
  REFERENCES "chatrooms" ("id")
, CONSTRAINT "fk_rails_34c3e0c2ca"
FOREIGN KEY ("user_id")
  REFERENCES "users" ("id")
)[0m
  [1m[35m (0.2ms)[0m  [1m[35mCREATE  INDEX "index_chatroom_users_on_chatroom_id" ON "chatroom_users" ("chatroom_id")[0m
  [1m[35m (0.1ms)[0m  [1m[34m            SELECT sql
            FROM sqlite_master
            WHERE name='index_chatroom_users_on_chatroom_id' AND type='index'
            UNION ALL
            SELECT sql
            FROM sqlite_temp_master
            WHERE name='index_chatroom_users_on_chatroom_id' AND type='index'
[0m
  [1m[35m (0.1ms)[0m  [1m[35mCREATE  INDEX "index_chatroom_users_on_user_id" ON "chatroom_users" ("user_id")[0m
  [1m[35mSQL (0.3ms)[0m  [1m[32mINSERT INTO "schema_migrations" ("version") VALUES (?)[0m  [["version", "20170507035218"]]
  [1m[35m (84.0ms)[0m  [1m[36mcommit transaction[0m
Migrating to CreateMessages (20170507035652)
  [1m[35m (0.1ms)[0m  [1m[36mbegin transaction[0m
  [1m[35m (1.8ms)[0m  [1m[35mCREATE TABLE "messages" ("id" INTEGER PRIMARY KEY AUTOINCREMENT NOT NULL, "chatroom_id" integer, "user_id" integer, "body" text, "created_at" datetime NOT NULL, "updated_at" datetime NOT NULL, CONSTRAINT "fk_rails_5d3b5a27f5"
FOREIGN KEY ("chatroom_id")
  REFERENCES "chatrooms" ("id")
, CONSTRAINT "fk_rails_273a25a7a6"
FOREIGN KEY ("user_id")
  REFERENCES "users" ("id")
)[0m
  [1m[35m (0.1ms)[0m  [1m[35mCREATE  INDEX "index_messages_on_chatroom_id" ON "messages" ("chatroom_id")[0m
  [1m[35m (0.1ms)[0m  [1m[34m            SELECT sql
            FROM sqlite_master
            WHERE name='index_messages_on_chatroom_id' AND type='index'
            UNION ALL
            SELECT sql
            FROM sqlite_temp_master
            WHERE name='index_messages_on_chatroom_id' AND type='index'
[0m
  [1m[35m (0.1ms)[0m  [1m[35mCREATE  INDEX "index_messages_on_user_id" ON "messages" ("user_id")[0m
  [1m[35mSQL (0.3ms)[0m  [1m[32mINSERT INTO "schema_migrations" ("version") VALUES (?)[0m  [["version", "20170507035652"]]
  [1m[35m (91.7ms)[0m  [1m[36mcommit transaction[0m
  [1m[36mActiveRecord::InternalMetadata Load (0.2ms)[0m  [1m[34mSELECT  "ar_internal_metadata".* FROM "ar_internal_metadata" WHERE "ar_internal_metadata"."key" = ? LIMIT ?[0m  [["key", "environment"], ["LIMIT", 1]]
  [1m[35m (0.1ms)[0m  [1m[36mbegin transaction[0m
  [1m[35mSQL (1.6ms)[0m  [1m[32mINSERT INTO "ar_internal_metadata" ("key", "value", "created_at", "updated_at") VALUES (?, ?, ?, ?)[0m  [["key", "environment"], ["value", "development"], ["created_at", "2017-05-07 03:57:44.947089"], ["updated_at", "2017-05-07 03:57:44.947089"]]
  [1m[35m (109.9ms)[0m  [1m[36mcommit transaction[0m
  [1m[35m (0.2ms)[0m  [1m[34mSELECT "schema_migrations"."version" FROM "schema_migrations" ORDER BY "schema_migrations"."version" ASC[0m
  [1m[35m (0.3ms)[0m  [1m[34m            SELECT sql
            FROM sqlite_master
            WHERE name='index_chatroom_users_on_user_id' AND type='index'
            UNION ALL
            SELECT sql
            FROM sqlite_temp_master
            WHERE name='index_chatroom_users_on_user_id' AND type='index'
[0m
  [1m[35m (0.2ms)[0m  [1m[34m            SELECT sql
            FROM sqlite_master
            WHERE name='index_chatroom_users_on_chatroom_id' AND type='index'
            UNION ALL
            SELECT sql
            FROM sqlite_temp_master
            WHERE name='index_chatroom_users_on_chatroom_id' AND type='index'
[0m
  [1m[35m (0.2ms)[0m  [1m[34m            SELECT sql
            FROM sqlite_master
            WHERE name='index_messages_on_user_id' AND type='index'
            UNION ALL
            SELECT sql
            FROM sqlite_temp_master
            WHERE name='index_messages_on_user_id' AND type='index'
[0m
  [1m[35m (0.2ms)[0m  [1m[34m            SELECT sql
            FROM sqlite_master
            WHERE name='index_messages_on_chatroom_id' AND type='index'
            UNION ALL
            SELECT sql
            FROM sqlite_temp_master
            WHERE name='index_messages_on_chatroom_id' AND type='index'
[0m
  [1m[35m (0.2ms)[0m  [1m[34m            SELECT sql
            FROM sqlite_master
            WHERE name='index_users_on_reset_password_token' AND type='index'
            UNION ALL
            SELECT sql
            FROM sqlite_temp_master
            WHERE name='index_users_on_reset_password_token' AND type='index'
[0m
  [1m[35m (0.2ms)[0m  [1m[34m            SELECT sql
            FROM sqlite_master
            WHERE name='index_users_on_email' AND type='index'
            UNION ALL
            SELECT sql
            FROM sqlite_temp_master
            WHERE name='index_users_on_email' AND type='index'
[0m
Started GET "/" for 127.0.0.1 at 2017-05-07 02:51:18 -0400
  [1m[35m (0.3ms)[0m  [1m[34mSELECT "schema_migrations"."version" FROM "schema_migrations" ORDER BY "schema_migrations"."version" ASC[0m
Processing by Rails::WelcomeController#index as HTML
  Rendering /home/andrew/.rbenv/versions/2.4.1/lib/ruby/gems/2.4.0/gems/railties-5.1.0/lib/rails/templates/rails/welcome/index.html.erb
  Rendered /home/andrew/.rbenv/versions/2.4.1/lib/ruby/gems/2.4.0/gems/railties-5.1.0/lib/rails/templates/rails/welcome/index.html.erb (5.3ms)
Completed 200 OK in 31ms (Views: 19.5ms | ActiveRecord: 0.0ms)


